  PUB_SUB_Publisher.cpp
d:\workspace\visual studio\projects\pub_sub_publisher\pub_sub_publisher\pub_sub_publisher.cpp(34): warning C4244: 'initializing': conversion from 'std::chrono::system_clock::rep' to 'unsigned int', possible loss of data
d:\workspace\visual studio\projects\pub_sub_publisher\pub_sub_publisher\pub_sub_publisher.cpp(68): warning C4267: '=': conversion from 'size_t' to 'unsigned char', possible loss of data
d:\workspace\visual studio\projects\pub_sub_publisher\pub_sub_publisher\pub_sub_publisher.cpp(109): warning C4244: 'argument': conversion from 'time_t' to 'unsigned int', possible loss of data
d:\workspace\visual studio\projects\pub_sub_publisher\pub_sub_publisher\pub_sub_publisher.cpp(120): warning C4018: '<': signed/unsigned mismatch
d:\workspace\visual studio\projects\pub_sub_publisher\pub_sub_publisher\pub_sub_publisher.cpp(122): warning C4018: '<': signed/unsigned mismatch
d:\workspace\visual studio\projects\pub_sub_publisher\pub_sub_publisher\pub_sub_publisher.cpp(124): warning C4018: '<': signed/unsigned mismatch
d:\workspace\visual studio\projects\pub_sub_publisher\pub_sub_publisher\pub_sub_publisher.cpp(193): warning C4477: 'fprintf' : format string '%s' requires an argument of type 'char *', but variadic argument 1 has type 'WCHAR *'
  d:\workspace\visual studio\projects\pub_sub_publisher\pub_sub_publisher\pub_sub_publisher.cpp(193): note: consider using '%ls' in the format string
  d:\workspace\visual studio\projects\pub_sub_publisher\pub_sub_publisher\pub_sub_publisher.cpp(193): note: consider using '%lls' in the format string
  d:\workspace\visual studio\projects\pub_sub_publisher\pub_sub_publisher\pub_sub_publisher.cpp(193): note: consider using '%Ls' in the format string
  d:\workspace\visual studio\projects\pub_sub_publisher\pub_sub_publisher\pub_sub_publisher.cpp(193): note: consider using '%ws' in the format string
d:\workspace\visual studio\projects\pub_sub_publisher\pub_sub_publisher\pub_sub_publisher.cpp(260): warning C4101: 'p': unreferenced local variable
d:\workspace\visual studio\projects\pub_sub_publisher\pub_sub_publisher\pub_sub_publisher.cpp(325): warning C4101: 'buf': unreferenced local variable
d:\workspace\visual studio\projects\pub_sub_publisher\pub_sub_publisher\pub_sub_publisher.cpp(323): warning C4101: 'listener': unreferenced local variable
d:\workspace\visual studio\projects\pub_sub_publisher\pub_sub_publisher\pub_sub_publisher.cpp(321): warning C4101: 'j': unreferenced local variable
d:\workspace\visual studio\projects\pub_sub_publisher\pub_sub_publisher\pub_sub_publisher.cpp(329): warning C4101: 'remoteaddr': unreferenced local variable
d:\workspace\visual studio\projects\pub_sub_publisher\pub_sub_publisher\pub_sub_publisher.cpp(328): warning C4101: 'remoteIP': unreferenced local variable
d:\workspace\visual studio\projects\pub_sub_publisher\pub_sub_publisher\pub_sub_publisher.cpp(326): warning C4101: 'nbytes': unreferenced local variable
d:\workspace\visual studio\projects\pub_sub_publisher\pub_sub_publisher\pub_sub_publisher.cpp(330): warning C4101: 'addrlen': unreferenced local variable
  PUB_SUB_Publisher.vcxproj -> D:\workspace\VISUAL STUDIO\PROJECTS\PUB_SUB_Publisher\Debug\PUB_SUB_Publisher.exe
  PUB_SUB_Publisher.vcxproj -> D:\workspace\VISUAL STUDIO\PROJECTS\PUB_SUB_Publisher\Debug\PUB_SUB_Publisher.pdb (Full PDB)
